nohup: ignoring input
/home/alapena/miniconda3/envs/tbplas/lib/python3.12/site-packages/tbplas/cython/__init__.py:54: UserWarning: C++ hdf5 extension not found. HDF5 IO not usable.
  warnings.warn("C++ hdf5 extension not found. HDF5 IO not usable.")
/home/alapena/miniconda3/envs/tbplas/lib/python3.12/site-packages/e3nn/o3/_wigner.py:10: FutureWarning: You are using `torch.load` with `weights_only=False` (the current default value), which uses the default pickle module implicitly. It is possible to construct malicious pickle data which will execute arbitrary code during unpickling (See https://github.com/pytorch/pytorch/blob/main/SECURITY.md#untrusted-models for more details). In a future release, the default value for `weights_only` will be flipped to `True`. This limits the functions that could be executed during unpickling. Arbitrary objects will no longer be allowed to be loaded via this mode unless they are explicitly allowlisted by the user via `torch.serialization.add_safe_globals`. We recommend you start setting `weights_only=True` for any use case where you don't have full control of the loaded file. Please open an issue on GitHub for any issues related to this experimental feature.
  _Jd, _W3j_flat, _W3j_indices = torch.load(os.path.join(os.path.dirname(__file__), 'constants.pt'))
cuequivariance or cuequivariance_torch is not available. Cuequivariance acceleration will be disabled.
Created savedir results_ac_cond/h_noc_2_val
Computing the AC Conductivity using TBPLaS of paths: [PosixPath('dataset/SHARE_OUTPUTS_8_ATOMS/f2b9-d7cc-4f42-9ccc-13dd371d22a5')]
============================================================
Basis computation.
Number of structures to look on: 566
Looking for unique atoms in each structure...
0it [00:00, ?it/s]1it [00:00, 52.89it/s]
/home/alapena/miniconda3/envs/tbplas/lib/python3.12/site-packages/mace/modules/blocks.py:187: UserWarning: To copy construct from a tensor, it is recommended to use sourceTensor.clone().detach() or sourceTensor.clone().detach().requires_grad_(True), rather than torch.tensor(sourceTensor).
  torch.tensor(atomic_energies, dtype=torch.get_default_dtype()),
Found enough basis points. Breaking the search...
Found enough basis points. Breaking the search...
Found the following atomic numbers: [np.int32(7), np.int32(5)]
Corresponding path indices: [0, 0]
Basis with 2 elements built!

Basis for atom 0.
	Atom type: 5
	Basis: ((2, 0, 1), (2, 1, -1), (1, 2, 1))
	Basis convention: siesta_spherical
	R: [3.02420918 2.02341372 3.73961942 3.73961942 3.73961942 2.51253945
 2.51253945 2.51253945 3.73961942 3.73961942 3.73961942 3.73961942
 3.73961942]

Basis for atom 1.
	Atom type: 7
	Basis: ((2, 0, 1), (2, 1, -1), (1, 2, 1))
	Basis convention: siesta_spherical
	R: [2.25704422 1.4271749  2.78012609 2.78012609 2.78012609 1.75309697
 1.75309697 1.75309697 2.78012609 2.78012609 2.78012609 2.78012609
 2.78012609]
Initializing model...
Using Optimizer Adam (
Parameter Group 0
    amsgrad: False
    betas: (0.9, 0.999)
    capturable: False
    differentiable: False
    eps: 1e-08
    foreach: None
    fused: None
    lr: 0.001
    maximize: False
    weight_decay: 0
)
LR Scheduler:  ReduceLROnPlateau
Arguments:  None
Keyword arguments:  {'cooldown': 0, 'eps': 0.0, 'factor': 0.1, 'min_lr': 0.0, 'mode': 'min', 'patience': 20}
Using Loss function <class 'graph2mat.core.data.metrics.block_type_mse'>
Loaded model results/h_noc_2 in epoch 14953 with training loss 14567.0966796875 and validation loss 29014.416015625.

Computing  dataset/SHARE_OUTPUTS_8_ATOMS/f2b9-d7cc-4f42-9ccc-13dd371d22a5
0it [00:00, ?it/s]1it [00:00,  8.39it/s]1it [00:00,  8.38it/s]
/home/alapena/miniconda3/envs/tbplas/lib/python3.12/site-packages/torch_geometric/deprecation.py:26: UserWarning: 'data.DataLoader' is deprecated, use 'loader.DataLoader' instead
  warnings.warn(out)
INFO	nodify.node.140245758738560:node.py:get()- No need to evaluate
INFO	nodify.node.140245758619200:node.py:get()- No need to evaluate
INFO	nodify.node.140245758747200:node.py:get()- No need to evaluate
INFO	nodify.node.140245758616032:node.py:get()- No need to evaluate
INFO	nodify.node.140245758747008:node.py:get()- No need to evaluate
INFO	nodify.node.140245758746816:node.py:get()- No need to evaluate
INFO	nodify.node.140245758619200:node.py:get()- No need to evaluate
INFO	nodify.node.140245758747200:node.py:get()- No need to evaluate
INFO	nodify.node.140245758616032:node.py:get()- No need to evaluate
INFO	nodify.node.140245758747008:node.py:get()- No need to evaluate
INFO	nodify.node.140245758746816:node.py:get()- No need to evaluate
INFO	nodify.node.140245758619200:node.py:get()- No need to evaluate
INFO	nodify.node.140245758618864:node.py:get()- No need to evaluate
INFO	nodify.node.140245758739856:node.py:get()- No need to evaluate
INFO	nodify.node.140245758619392:node.py:get()- No need to evaluate
INFO	nodify.node.140245758619584:node.py:get()- No need to evaluate
INFO	nodify.node.140245758742400:node.py:get()- No need to evaluate
INFO	nodify.node.140245758743408:node.py:get()- No need to evaluate
INFO	nodify.node.140245758748208:node.py:get()- No need to evaluate
INFO	nodify.node.140245758621024:node.py:get()- No need to evaluate
INFO	nodify.node.140245758748016:node.py:get()- No need to evaluate
INFO	nodify.node.140245758747056:node.py:get()- No need to evaluate
INFO	nodify.node.140245758746624:node.py:get()- No need to evaluate
INFO	nodify.node.140245758622176:node.py:get()- No need to evaluate
INFO	nodify.node.140245758746432:node.py:get()- No need to evaluate
INFO	nodify.node.140245758619584:node.py:get()- No need to evaluate
INFO	nodify.node.140245758742400:node.py:get()- No need to evaluate
INFO	nodify.node.140245758746048:node.py:get()- No need to evaluate
INFO	nodify.node.140245758615696:node.py:get()- No need to evaluate
INFO	nodify.node.140245759365904:node.py:get()- No need to evaluate
INFO	nodify.node.140245758619872:node.py:get()- No need to evaluate
INFO	nodify.node.140245758619584:node.py:get()- No need to evaluate
INFO	nodify.node.140245758742400:node.py:get()- No need to evaluate
INFO	nodify.node.140245758743408:node.py:get()- No need to evaluate
INFO	nodify.node.140245758622560:node.py:get()- No need to evaluate
INFO	nodify.node.140245758745760:node.py:get()- No need to evaluate
INFO	nodify.node.140245758745568:node.py:get()- No need to evaluate
INFO	nodify.node.140245758619584:node.py:get()- No need to evaluate
INFO	nodify.node.140245758742400:node.py:get()- No need to evaluate
INFO	nodify.node.140245758743408:node.py:get()- No need to evaluate
INFO	nodify.node.140245758744272:node.py:get()- No need to evaluate
INFO	nodify.node.140245758620256:node.py:get()- No need to evaluate
INFO	nodify.node.140245758745472:node.py:get()- No need to evaluate
INFO	nodify.node.140245758619200:node.py:get()- No need to evaluate
INFO	nodify.node.140245758616128:node.py:get()- No need to evaluate
INFO	nodify.node.140245758740912:node.py:get()- No need to evaluate
INFO	nodify.node.140245758740720:node.py:get()- No need to evaluate
INFO	nodify.node.140245758620640:node.py:get()- No need to evaluate
INFO	nodify.node.140245758619200:node.py:get()- No need to evaluate
INFO	nodify.node.140245758618864:node.py:get()- No need to evaluate
INFO	nodify.node.140245758739856:node.py:get()- No need to evaluate
INFO	nodify.node.140245758740144:node.py:get()- No need to evaluate
INFO	nodify.node.140245758740432:node.py:get()- No need to evaluate
INFO	nodify.node.140245758622176:node.py:get()- No need to evaluate
INFO	nodify.node.140245758740864:node.py:get()- No need to evaluate
INFO	nodify.node.140245758741968:node.py:get()- No need to evaluate
INFO	nodify.node.140245758619584:node.py:get()- No need to evaluate
INFO	nodify.node.140245758742400:node.py:get()- No need to evaluate
INFO	nodify.node.140245758623040:node.py:get()- No need to evaluate
INFO	nodify.node.140245758617184:node.py:get()- No need to evaluate
INFO	nodify.node.140245758613920:node.py:get()- No need to evaluate
INFO	nodify.node.140245758619584:node.py:get()- No need to evaluate
INFO	nodify.node.140245758742400:node.py:get()- No need to evaluate
INFO	nodify.node.140245758743408:node.py:get()- No need to evaluate
INFO	nodify.node.140245813264464:node.py:get()- No need to evaluate
INFO	nodify.node.140245758743216:node.py:get()- No need to evaluate
INFO	nodify.node.140245758742640:node.py:get()- No need to evaluate
INFO	nodify.node.140245758619584:node.py:get()- No need to evaluate
INFO	nodify.node.140245758742400:node.py:get()- No need to evaluate
INFO	nodify.node.140245758743408:node.py:get()- No need to evaluate
INFO	nodify.node.140245758744272:node.py:get()- No need to evaluate
INFO	nodify.node.140245758614976:node.py:get()- No need to evaluate
INFO	nodify.node.140245758613776:node.py:get()- No need to evaluate
INFO	nodify.node.140245758619584:node.py:get()- No need to evaluate
INFO	nodify.node.140245758742400:node.py:get()- No need to evaluate
INFO	nodify.node.140245758743408:node.py:get()- No need to evaluate
INFO	nodify.node.140245758744512:node.py:get()- No need to evaluate
INFO	nodify.node.140245758743360:node.py:get()- No need to evaluate
INFO	nodify.node.140245758619200:node.py:get()- No need to evaluate
INFO	nodify.node.140245758619584:node.py:get()- No need to evaluate
INFO	nodify.node.140245758742400:node.py:get()- No need to evaluate
INFO	nodify.node.140245758743408:node.py:get()- No need to evaluate
INFO	nodify.node.140245758750080:node.py:get()- No need to evaluate
INFO	nodify.node.140245758621408:node.py:get()- No need to evaluate
INFO	nodify.node.140245758749888:node.py:get()- No need to evaluate
INFO	nodify.node.140245758619584:node.py:get()- No need to evaluate
INFO	nodify.node.140245758742400:node.py:get()- No need to evaluate
INFO	nodify.node.140245758621792:node.py:get()- No need to evaluate
INFO	nodify.node.140245758623040:node.py:get()- No need to evaluate
INFO	nodify.node.140245758745616:node.py:get()- No need to evaluate
INFO	nodify.node.140245758619200:node.py:get()- No need to evaluate
INFO	nodify.node.140245758616128:node.py:get()- No need to evaluate
INFO	nodify.node.140245758740912:node.py:get()- No need to evaluate
INFO	nodify.node.140245758740720:node.py:get()- No need to evaluate
INFO	nodify.node.140245758620640:node.py:get()- No need to evaluate
INFO	nodify.node.140245758619200:node.py:get()- No need to evaluate
INFO	nodify.node.140245758618864:node.py:get()- No need to evaluate
INFO	nodify.node.140245758739856:node.py:get()- No need to evaluate
INFO	nodify.node.140245758740144:node.py:get()- No need to evaluate
INFO	nodify.node.140245758740432:node.py:get()- No need to evaluate
INFO	nodify.node.140245758622176:node.py:get()- No need to evaluate
INFO	nodify.node.140245758740864:node.py:get()- No need to evaluate
INFO	nodify.node.140245758741968:node.py:get()- No need to evaluate
INFO	nodify.node.140245758619584:node.py:get()- No need to evaluate
INFO	nodify.node.140245758742400:node.py:get()- No need to evaluate
INFO	nodify.node.140245758623040:node.py:get()- No need to evaluate
INFO	nodify.node.140245758617184:node.py:get()- No need to evaluate
INFO	nodify.node.140245758619200:node.py:get()- No need to evaluate
INFO	nodify.node.140245758623424:node.py:get()- No need to evaluate
INFO	nodify.node.140245758619200:node.py:get()- No need to evaluate
INFO	nodify.node.140245758618864:node.py:get()- No need to evaluate
INFO	nodify.node.140245758739856:node.py:get()- No need to evaluate
INFO	nodify.node.140245758619584:node.py:get()- No need to evaluate
INFO	nodify.node.140245758742400:node.py:get()- No need to evaluate
INFO	nodify.node.140245758743408:node.py:get()- No need to evaluate
INFO	nodify.node.140245758619584:node.py:get()- No need to evaluate
INFO	nodify.node.140245758742400:node.py:get()- No need to evaluate
INFO	nodify.node.140245759779776:node.py:get()- No need to evaluate
INFO	nodify.node.140245758622176:node.py:get()- No need to evaluate
INFO	nodify.node.140245758749936:node.py:get()- No need to evaluate
INFO	nodify.node.140245758745136:node.py:get()- No need to evaluate
INFO	nodify.node.140245758750896:node.py:get()- No need to evaluate
INFO	nodify.node.140245758751856:node.py:get()- No need to evaluate
Keeping all the dataset in memory.
Saved structure plot at results_ac_cond/h_noc_2_val/8atm_f2b9-d7cc-4f42-9ccc-13dd371d22a5.html
Loading file results_dos/h_noc_2_val/val_8atm_f2b9-d7cc-4f42-9ccc-13dd371d22a5_dos_mesh30_pred.npz
DOS data extracted from results_dos/h_noc_2_val/val_8atm_f2b9-d7cc-4f42-9ccc-13dd371d22a5_dos_mesh30_pred.npz

Parallelization details:
  MPI disabled    
  OMP_NUM_THREADS  : n/a   
  MKL_NUM_THREADS  : n/a   

Output details:
  Directory  : ./
  Prefix     : ac_cond

Using Eigen backend for diagonalization.
Using DefaultACCore backend.
