nohup: ignoring input
/home/alapena/miniconda3/envs/tbplas/lib/python3.12/site-packages/e3nn/o3/_wigner.py:10: FutureWarning: You are using `torch.load` with `weights_only=False` (the current default value), which uses the default pickle module implicitly. It is possible to construct malicious pickle data which will execute arbitrary code during unpickling (See https://github.com/pytorch/pytorch/blob/main/SECURITY.md#untrusted-models for more details). In a future release, the default value for `weights_only` will be flipped to `True`. This limits the functions that could be executed during unpickling. Arbitrary objects will no longer be allowed to be loaded via this mode unless they are explicitly allowlisted by the user via `torch.serialization.add_safe_globals`. We recommend you start setting `weights_only=True` for any use case where you don't have full control of the loaded file. Please open an issue on GitHub for any issues related to this experimental feature.
  _Jd, _W3j_flat, _W3j_indices = torch.load(os.path.join(os.path.dirname(__file__), 'constants.pt'))
/home/alapena/miniconda3/envs/tbplas/lib/python3.12/site-packages/tbplas/cython/__init__.py:54: UserWarning: C++ hdf5 extension not found. HDF5 IO not usable.
  warnings.warn("C++ hdf5 extension not found. HDF5 IO not usable.")
cuequivariance or cuequivariance_torch is not available. Cuequivariance acceleration will be disabled.
[PosixPath('dataset/SHARE_OUTPUTS_64_ATOMS/e46e-c792-412c-99ac-9e20794f7aad')]
============================================================
Basis computation.
Number of structures to look on: 566
Looking for unique atoms in each structure...
0it [00:00, ?it/s]1it [00:00, 43.18it/s]
/home/alapena/miniconda3/envs/tbplas/lib/python3.12/site-packages/mace/modules/blocks.py:187: UserWarning: To copy construct from a tensor, it is recommended to use sourceTensor.clone().detach() or sourceTensor.clone().detach().requires_grad_(True), rather than torch.tensor(sourceTensor).
  torch.tensor(atomic_energies, dtype=torch.get_default_dtype()),
Found enough basis points. Breaking the search...
Found enough basis points. Breaking the search...
Found the following atomic numbers: [np.int32(7), np.int32(5)]
Corresponding path indices: [0, 0]
Basis with 2 elements built!

Basis for atom 0.
	Atom type: 5
	Basis: ((2, 0, 1), (2, 1, -1), (1, 2, 1))
	Basis convention: siesta_spherical
	R: [3.02420918 2.02341372 3.73961942 3.73961942 3.73961942 2.51253945
 2.51253945 2.51253945 3.73961942 3.73961942 3.73961942 3.73961942
 3.73961942]

Basis for atom 1.
	Atom type: 7
	Basis: ((2, 0, 1), (2, 1, -1), (1, 2, 1))
	Basis convention: siesta_spherical
	R: [2.25704422 1.4271749  2.78012609 2.78012609 2.78012609 1.75309697
 1.75309697 1.75309697 2.78012609 2.78012609 2.78012609 2.78012609
 2.78012609]
Initializing model...
Using Optimizer Adam (
Parameter Group 0
    amsgrad: False
    betas: (0.9, 0.999)
    capturable: False
    differentiable: False
    eps: 1e-08
    foreach: None
    fused: None
    lr: 0.001
    maximize: False
    weight_decay: 0
)
LR Scheduler:  ReduceLROnPlateau
Arguments:  None
Keyword arguments:  {'cooldown': 0, 'eps': 0.0, 'factor': 0.1, 'min_lr': 0.0, 'mode': 'min', 'patience': 20}
Using Loss function <class 'graph2mat.core.data.metrics.block_type_mse'>
Loaded model results/h_noc_2 in epoch 24782 with training loss 11333.201171875 and validation loss 35070.49609375.
Created savedir results_dos/h_noc_2_train

Computing  dataset/SHARE_OUTPUTS_64_ATOMS/e46e-c792-412c-99ac-9e20794f7aad
0it [00:00, ?it/s]1it [00:00,  2.45it/s]1it [00:00,  2.45it/s]
/home/alapena/miniconda3/envs/tbplas/lib/python3.12/site-packages/torch_geometric/deprecation.py:26: UserWarning: 'data.DataLoader' is deprecated, use 'loader.DataLoader' instead
  warnings.warn(out)
INFO	nodify.node.140377720529232:node.py:get()- No need to evaluate
INFO	nodify.node.140377720521792:node.py:get()- No need to evaluate
INFO	nodify.node.140377720652336:node.py:get()- No need to evaluate
INFO	nodify.node.140377720522992:node.py:get()- No need to evaluate
INFO	nodify.node.140377720371728:node.py:get()- No need to evaluate
INFO	nodify.node.140377720652000:node.py:get()- No need to evaluate
INFO	nodify.node.140377720521792:node.py:get()- No need to evaluate
INFO	nodify.node.140377720652336:node.py:get()- No need to evaluate
INFO	nodify.node.140377720522992:node.py:get()- No need to evaluate
INFO	nodify.node.140377720371728:node.py:get()- No need to evaluate
INFO	nodify.node.140377720652000:node.py:get()- No need to evaluate
INFO	nodify.node.140377720521792:node.py:get()- No need to evaluate
INFO	nodify.node.140377720524384:node.py:get()- No need to evaluate
INFO	nodify.node.140377720530528:node.py:get()- No need to evaluate
INFO	nodify.node.140377720523808:node.py:get()- No need to evaluate
INFO	nodify.node.140377720524528:node.py:get()- No need to evaluate
INFO	nodify.node.140377720372544:node.py:get()- No need to evaluate
INFO	nodify.node.140377720373168:node.py:get()- No need to evaluate
INFO	nodify.node.140377720653344:node.py:get()- No need to evaluate
INFO	nodify.node.140377720526160:node.py:get()- No need to evaluate
INFO	nodify.node.140377720653152:node.py:get()- No need to evaluate
INFO	nodify.node.140377720652240:node.py:get()- No need to evaluate
INFO	nodify.node.140377720651856:node.py:get()- No need to evaluate
INFO	nodify.node.140377720527312:node.py:get()- No need to evaluate
INFO	nodify.node.140377720536864:node.py:get()- No need to evaluate
INFO	nodify.node.140377720524528:node.py:get()- No need to evaluate
INFO	nodify.node.140377720372544:node.py:get()- No need to evaluate
INFO	nodify.node.140377720536576:node.py:get()- No need to evaluate
INFO	nodify.node.140377720521072:node.py:get()- No need to evaluate
INFO	nodify.node.140377720536240:node.py:get()- No need to evaluate
INFO	nodify.node.140377720525008:node.py:get()- No need to evaluate
INFO	nodify.node.140377720524528:node.py:get()- No need to evaluate
INFO	nodify.node.140377720372544:node.py:get()- No need to evaluate
INFO	nodify.node.140377720373168:node.py:get()- No need to evaluate
INFO	nodify.node.140377720528080:node.py:get()- No need to evaluate
INFO	nodify.node.140377720536144:node.py:get()- No need to evaluate
INFO	nodify.node.140377720535952:node.py:get()- No need to evaluate
INFO	nodify.node.140377720524528:node.py:get()- No need to evaluate
INFO	nodify.node.140377720372544:node.py:get()- No need to evaluate
INFO	nodify.node.140377720373168:node.py:get()- No need to evaluate
INFO	nodify.node.140377720534656:node.py:get()- No need to evaluate
INFO	nodify.node.140377720525392:node.py:get()- No need to evaluate
INFO	nodify.node.140377720535856:node.py:get()- No need to evaluate
INFO	nodify.node.140377720521792:node.py:get()- No need to evaluate
INFO	nodify.node.140377720520928:node.py:get()- No need to evaluate
INFO	nodify.node.140377720531584:node.py:get()- No need to evaluate
INFO	nodify.node.140377720531392:node.py:get()- No need to evaluate
INFO	nodify.node.140377720525776:node.py:get()- No need to evaluate
INFO	nodify.node.140377720521792:node.py:get()- No need to evaluate
INFO	nodify.node.140377720524384:node.py:get()- No need to evaluate
INFO	nodify.node.140377720530528:node.py:get()- No need to evaluate
INFO	nodify.node.140377720530816:node.py:get()- No need to evaluate
INFO	nodify.node.140377720531104:node.py:get()- No need to evaluate
INFO	nodify.node.140377720527312:node.py:get()- No need to evaluate
INFO	nodify.node.140377720531536:node.py:get()- No need to evaluate
INFO	nodify.node.140377720532640:node.py:get()- No need to evaluate
INFO	nodify.node.140377720524528:node.py:get()- No need to evaluate
INFO	nodify.node.140377720372544:node.py:get()- No need to evaluate
INFO	nodify.node.140377720528464:node.py:get()- No need to evaluate
INFO	nodify.node.140377720372592:node.py:get()- No need to evaluate
INFO	nodify.node.140377720523472:node.py:get()- No need to evaluate
INFO	nodify.node.140377720524528:node.py:get()- No need to evaluate
INFO	nodify.node.140377720372544:node.py:get()- No need to evaluate
INFO	nodify.node.140377720373168:node.py:get()- No need to evaluate
INFO	nodify.node.140377720527696:node.py:get()- No need to evaluate
INFO	nodify.node.140377720533648:node.py:get()- No need to evaluate
INFO	nodify.node.140377720532496:node.py:get()- No need to evaluate
INFO	nodify.node.140377720524528:node.py:get()- No need to evaluate
INFO	nodify.node.140377720372544:node.py:get()- No need to evaluate
INFO	nodify.node.140377720373168:node.py:get()- No need to evaluate
INFO	nodify.node.140377720534656:node.py:get()- No need to evaluate
INFO	nodify.node.140377720522320:node.py:get()- No need to evaluate
INFO	nodify.node.140377720523328:node.py:get()- No need to evaluate
INFO	nodify.node.140377720524528:node.py:get()- No need to evaluate
INFO	nodify.node.140377720372544:node.py:get()- No need to evaluate
INFO	nodify.node.140377720373168:node.py:get()- No need to evaluate
INFO	nodify.node.140377720534896:node.py:get()- No need to evaluate
INFO	nodify.node.140377720533792:node.py:get()- No need to evaluate
INFO	nodify.node.140377720521792:node.py:get()- No need to evaluate
INFO	nodify.node.140377720524528:node.py:get()- No need to evaluate
INFO	nodify.node.140377720372544:node.py:get()- No need to evaluate
INFO	nodify.node.140377720373168:node.py:get()- No need to evaluate
INFO	nodify.node.140377720655216:node.py:get()- No need to evaluate
INFO	nodify.node.140377720526544:node.py:get()- No need to evaluate
INFO	nodify.node.140377720655024:node.py:get()- No need to evaluate
INFO	nodify.node.140377720524528:node.py:get()- No need to evaluate
INFO	nodify.node.140377720372544:node.py:get()- No need to evaluate
INFO	nodify.node.140377720526928:node.py:get()- No need to evaluate
INFO	nodify.node.140377720528464:node.py:get()- No need to evaluate
INFO	nodify.node.140377720536000:node.py:get()- No need to evaluate
INFO	nodify.node.140377720521792:node.py:get()- No need to evaluate
INFO	nodify.node.140377720520928:node.py:get()- No need to evaluate
INFO	nodify.node.140377720531584:node.py:get()- No need to evaluate
INFO	nodify.node.140377720531392:node.py:get()- No need to evaluate
INFO	nodify.node.140377720525776:node.py:get()- No need to evaluate
INFO	nodify.node.140377720521792:node.py:get()- No need to evaluate
INFO	nodify.node.140377720524384:node.py:get()- No need to evaluate
INFO	nodify.node.140377720530528:node.py:get()- No need to evaluate
INFO	nodify.node.140377720530816:node.py:get()- No need to evaluate
INFO	nodify.node.140377720531104:node.py:get()- No need to evaluate
INFO	nodify.node.140377720527312:node.py:get()- No need to evaluate
INFO	nodify.node.140377720531536:node.py:get()- No need to evaluate
INFO	nodify.node.140377720532640:node.py:get()- No need to evaluate
INFO	nodify.node.140377720524528:node.py:get()- No need to evaluate
INFO	nodify.node.140377720372544:node.py:get()- No need to evaluate
INFO	nodify.node.140377720528464:node.py:get()- No need to evaluate
INFO	nodify.node.140377720372592:node.py:get()- No need to evaluate
INFO	nodify.node.140377720521792:node.py:get()- No need to evaluate
INFO	nodify.node.140377720528848:node.py:get()- No need to evaluate
INFO	nodify.node.140377720521792:node.py:get()- No need to evaluate
INFO	nodify.node.140377720524384:node.py:get()- No need to evaluate
INFO	nodify.node.140377720530528:node.py:get()- No need to evaluate
INFO	nodify.node.140377720524528:node.py:get()- No need to evaluate
INFO	nodify.node.140377720372544:node.py:get()- No need to evaluate
INFO	nodify.node.140377720373168:node.py:get()- No need to evaluate
INFO	nodify.node.140377720524528:node.py:get()- No need to evaluate
INFO	nodify.node.140377720372544:node.py:get()- No need to evaluate
INFO	nodify.node.140377720656032:node.py:get()- No need to evaluate
INFO	nodify.node.140377720527312:node.py:get()- No need to evaluate
INFO	nodify.node.140377720535904:node.py:get()- No need to evaluate
INFO	nodify.node.140377720535520:node.py:get()- No need to evaluate
INFO	nodify.node.140377720535760:node.py:get()- No need to evaluate
INFO	nodify.node.140377720657040:node.py:get()- No need to evaluate
Keeping all the dataset in memory.
Computing structure 64atm_e46e-c792-412c-99ac-9e20794f7aad...
Saved structure plot at results_dos/h_noc_2_train/64atm_e46e-c792-412c-99ac-9e20794f7aad.html

Parallelization details:
  MPI disabled    
  OMP_NUM_THREADS  : n/a   
  MKL_NUM_THREADS  : n/a   

Output details:
  Directory  : ./
  Prefix     : bands

Using Eigen backend for diagonalization.
	 bands :   33.04183

Parallelization details:
  MPI disabled    
  OMP_NUM_THREADS  : n/a   
  MKL_NUM_THREADS  : n/a   

Output details:
  Directory  : ./
  Prefix     : dos

Using Eigen backend for diagonalization.
	 dos : 2795.29166

Parallelization details:
  MPI disabled    
  OMP_NUM_THREADS  : n/a   
  MKL_NUM_THREADS  : n/a   

Output details:
  Directory  : ./
  Prefix     : bands

Using Eigen backend for diagonalization.
	 bands :   33.39732

Parallelization details:
  MPI disabled    
  OMP_NUM_THREADS  : n/a   
  MKL_NUM_THREADS  : n/a   

Output details:
  Directory  : ./
  Prefix     : dos

Using Eigen backend for diagonalization.
	 dos : 2799.09347
