nohup: ignoring input
/home/alapena/miniconda3/envs/tbplas/lib/python3.12/site-packages/e3nn/o3/_wigner.py:10: FutureWarning: You are using `torch.load` with `weights_only=False` (the current default value), which uses the default pickle module implicitly. It is possible to construct malicious pickle data which will execute arbitrary code during unpickling (See https://github.com/pytorch/pytorch/blob/main/SECURITY.md#untrusted-models for more details). In a future release, the default value for `weights_only` will be flipped to `True`. This limits the functions that could be executed during unpickling. Arbitrary objects will no longer be allowed to be loaded via this mode unless they are explicitly allowlisted by the user via `torch.serialization.add_safe_globals`. We recommend you start setting `weights_only=True` for any use case where you don't have full control of the loaded file. Please open an issue on GitHub for any issues related to this experimental feature.
  _Jd, _W3j_flat, _W3j_indices = torch.load(os.path.join(os.path.dirname(__file__), 'constants.pt'))
/home/alapena/miniconda3/envs/tbplas/lib/python3.12/site-packages/tbplas/cython/__init__.py:54: UserWarning: C++ hdf5 extension not found. HDF5 IO not usable.
  warnings.warn("C++ hdf5 extension not found. HDF5 IO not usable.")
cuequivariance or cuequivariance_torch is not available. Cuequivariance acceleration will be disabled.
[PosixPath('dataset/SHARE_OUTPUTS_2_ATOMS/9b13-4a57-4de9-b863-1b35209370c4'), PosixPath('dataset/SHARE_OUTPUTS_8_ATOMS/e1df-2940-4ada-b9c0-d210a6bb2a19'), PosixPath('dataset/SHARE_OUTPUTS_8_ATOMS/33ef-ca33-4bf0-a36e-6e852deab7b5')]
============================================================
Basis computation.
Number of structures to look on: 566
Looking for unique atoms in each structure...

0it [00:00, ?it/s]
1it [00:00, 52.70it/s]
/home/alapena/miniconda3/envs/tbplas/lib/python3.12/site-packages/mace/modules/blocks.py:187: UserWarning: To copy construct from a tensor, it is recommended to use sourceTensor.clone().detach() or sourceTensor.clone().detach().requires_grad_(True), rather than torch.tensor(sourceTensor).
  torch.tensor(atomic_energies, dtype=torch.get_default_dtype()),
Found enough basis points. Breaking the search...
Found enough basis points. Breaking the search...
Found the following atomic numbers: [np.int32(7), np.int32(5)]
Corresponding path indices: [0, 0]
Basis with 2 elements built!

Basis for atom 0.
	Atom type: 5
	Basis: ((2, 0, 1), (2, 1, -1), (1, 2, 1))
	Basis convention: siesta_spherical
	R: [3.02420918 2.02341372 3.73961942 3.73961942 3.73961942 2.51253945
 2.51253945 2.51253945 3.73961942 3.73961942 3.73961942 3.73961942
 3.73961942]

Basis for atom 1.
	Atom type: 7
	Basis: ((2, 0, 1), (2, 1, -1), (1, 2, 1))
	Basis convention: siesta_spherical
	R: [2.25704422 1.4271749  2.78012609 2.78012609 2.78012609 1.75309697
 1.75309697 1.75309697 2.78012609 2.78012609 2.78012609 2.78012609
 2.78012609]
Initializing model...
Using Optimizer Adam (
Parameter Group 0
    amsgrad: False
    betas: (0.9, 0.999)
    capturable: False
    differentiable: False
    eps: 1e-08
    foreach: None
    fused: None
    lr: 0.001
    maximize: False
    weight_decay: 0
)
LR Scheduler:  ReduceLROnPlateau
Arguments:  None
Keyword arguments:  {'cooldown': 0, 'eps': 0.0, 'factor': 0.1, 'min_lr': 0.0, 'mode': 'min', 'patience': 20}
Using Loss function <class 'graph2mat.core.data.metrics.block_type_mse'>
Loaded model results/h_noc_2 in epoch 24782 with training loss 11333.201171875 and validation loss 35070.49609375.
Created savedir results_dos/h_noc_2_train

Computing  dataset/SHARE_OUTPUTS_2_ATOMS/9b13-4a57-4de9-b863-1b35209370c4

0it [00:00, ?it/s]
1it [00:00, 63.21it/s]
/home/alapena/miniconda3/envs/tbplas/lib/python3.12/site-packages/torch_geometric/deprecation.py:26: UserWarning: 'data.DataLoader' is deprecated, use 'loader.DataLoader' instead
  warnings.warn(out)
INFO	nodify.node.140005467529888:node.py:get()- No need to evaluate
INFO	nodify.node.140005467525040:node.py:get()- No need to evaluate
INFO	nodify.node.140005467571312:node.py:get()- No need to evaluate
INFO	nodify.node.140005467525424:node.py:get()- No need to evaluate
INFO	nodify.node.140005467571120:node.py:get()- No need to evaluate
INFO	nodify.node.140005467570928:node.py:get()- No need to evaluate
INFO	nodify.node.140005467525040:node.py:get()- No need to evaluate
INFO	nodify.node.140005467571312:node.py:get()- No need to evaluate
INFO	nodify.node.140005467525424:node.py:get()- No need to evaluate
INFO	nodify.node.140005467571120:node.py:get()- No need to evaluate
INFO	nodify.node.140005467570928:node.py:get()- No need to evaluate
INFO	nodify.node.140005467525040:node.py:get()- No need to evaluate
INFO	nodify.node.140005467523888:node.py:get()- No need to evaluate
INFO	nodify.node.140005467531184:node.py:get()- No need to evaluate
INFO	nodify.node.140005467521584:node.py:get()- No need to evaluate
INFO	nodify.node.140005467522640:node.py:get()- No need to evaluate
INFO	nodify.node.140005467533680:node.py:get()- No need to evaluate
INFO	nodify.node.140005467534640:node.py:get()- No need to evaluate
INFO	nodify.node.140005467572224:node.py:get()- No need to evaluate
INFO	nodify.node.140005467527104:node.py:get()- No need to evaluate
INFO	nodify.node.140005467572032:node.py:get()- No need to evaluate
INFO	nodify.node.140005467571168:node.py:get()- No need to evaluate
INFO	nodify.node.140005467570736:node.py:get()- No need to evaluate
INFO	nodify.node.140005467528256:node.py:get()- No need to evaluate
INFO	nodify.node.140005467570544:node.py:get()- No need to evaluate
INFO	nodify.node.140005467522640:node.py:get()- No need to evaluate
INFO	nodify.node.140005467533680:node.py:get()- No need to evaluate
INFO	nodify.node.140005467570256:node.py:get()- No need to evaluate
INFO	nodify.node.140005467523312:node.py:get()- No need to evaluate
INFO	nodify.node.140005467537088:node.py:get()- No need to evaluate
INFO	nodify.node.140005467525952:node.py:get()- No need to evaluate
INFO	nodify.node.140005467522640:node.py:get()- No need to evaluate
INFO	nodify.node.140005467533680:node.py:get()- No need to evaluate
INFO	nodify.node.140005467534640:node.py:get()- No need to evaluate
INFO	nodify.node.140005467529024:node.py:get()- No need to evaluate
INFO	nodify.node.140005467536992:node.py:get()- No need to evaluate
INFO	nodify.node.140005467536800:node.py:get()- No need to evaluate
INFO	nodify.node.140005467522640:node.py:get()- No need to evaluate
INFO	nodify.node.140005467533680:node.py:get()- No need to evaluate
INFO	nodify.node.140005467534640:node.py:get()- No need to evaluate
INFO	nodify.node.140005467535504:node.py:get()- No need to evaluate
INFO	nodify.node.140005467526336:node.py:get()- No need to evaluate
INFO	nodify.node.140005467536704:node.py:get()- No need to evaluate
INFO	nodify.node.140005467525040:node.py:get()- No need to evaluate
INFO	nodify.node.140005467525664:node.py:get()- No need to evaluate
INFO	nodify.node.140005467532240:node.py:get()- No need to evaluate
INFO	nodify.node.140005467532048:node.py:get()- No need to evaluate
INFO	nodify.node.140005467526720:node.py:get()- No need to evaluate
INFO	nodify.node.140005467525040:node.py:get()- No need to evaluate
INFO	nodify.node.140005467523888:node.py:get()- No need to evaluate
INFO	nodify.node.140005467531184:node.py:get()- No need to evaluate
INFO	nodify.node.140005467531472:node.py:get()- No need to evaluate
INFO	nodify.node.140005467531760:node.py:get()- No need to evaluate
INFO	nodify.node.140005467528256:node.py:get()- No need to evaluate
INFO	nodify.node.140005468223056:node.py:get()- No need to evaluate
INFO	nodify.node.140005467533248:node.py:get()- No need to evaluate
INFO	nodify.node.140005467522640:node.py:get()- No need to evaluate
INFO	nodify.node.140005467533680:node.py:get()- No need to evaluate
INFO	nodify.node.140005467529120:node.py:get()- No need to evaluate
INFO	nodify.node.140005468456432:node.py:get()- No need to evaluate
INFO	nodify.node.140005467521632:node.py:get()- No need to evaluate
INFO	nodify.node.140005467522640:node.py:get()- No need to evaluate
INFO	nodify.node.140005467533680:node.py:get()- No need to evaluate
INFO	nodify.node.140005467534640:node.py:get()- No need to evaluate
INFO	nodify.node.140005467528640:node.py:get()- No need to evaluate
INFO	nodify.node.140005467534448:node.py:get()- No need to evaluate
INFO	nodify.node.140005467533920:node.py:get()- No need to evaluate
INFO	nodify.node.140005467522640:node.py:get()- No need to evaluate
INFO	nodify.node.140005467533680:node.py:get()- No need to evaluate
INFO	nodify.node.140005467534640:node.py:get()- No need to evaluate
INFO	nodify.node.140005467535504:node.py:get()- No need to evaluate
INFO	nodify.node.140005467521344:node.py:get()- No need to evaluate
INFO	nodify.node.140005467521440:node.py:get()- No need to evaluate
INFO	nodify.node.140005467522640:node.py:get()- No need to evaluate
INFO	nodify.node.140005467533680:node.py:get()- No need to evaluate
INFO	nodify.node.140005467534640:node.py:get()- No need to evaluate
INFO	nodify.node.140005467535744:node.py:get()- No need to evaluate
INFO	nodify.node.140005467534592:node.py:get()- No need to evaluate
INFO	nodify.node.140005467525040:node.py:get()- No need to evaluate
INFO	nodify.node.140005467522640:node.py:get()- No need to evaluate
INFO	nodify.node.140005467533680:node.py:get()- No need to evaluate
INFO	nodify.node.140005467534640:node.py:get()- No need to evaluate
INFO	nodify.node.140005467574096:node.py:get()- No need to evaluate
INFO	nodify.node.140005467527488:node.py:get()- No need to evaluate
INFO	nodify.node.140005467573904:node.py:get()- No need to evaluate
INFO	nodify.node.140005467522640:node.py:get()- No need to evaluate
INFO	nodify.node.140005467533680:node.py:get()- No need to evaluate
INFO	nodify.node.140005467527872:node.py:get()- No need to evaluate
INFO	nodify.node.140005467529120:node.py:get()- No need to evaluate
INFO	nodify.node.140005467536848:node.py:get()- No need to evaluate
INFO	nodify.node.140005467525040:node.py:get()- No need to evaluate
INFO	nodify.node.140005467525664:node.py:get()- No need to evaluate
INFO	nodify.node.140005467532240:node.py:get()- No need to evaluate
INFO	nodify.node.140005467532048:node.py:get()- No need to evaluate
INFO	nodify.node.140005467526720:node.py:get()- No need to evaluate
INFO	nodify.node.140005467525040:node.py:get()- No need to evaluate
INFO	nodify.node.140005467523888:node.py:get()- No need to evaluate
INFO	nodify.node.140005467531184:node.py:get()- No need to evaluate
INFO	nodify.node.140005467531472:node.py:get()- No need to evaluate
INFO	nodify.node.140005467531760:node.py:get()- No need to evaluate
INFO	nodify.node.140005467528256:node.py:get()- No need to evaluate
INFO	nodify.node.140005468223056:node.py:get()- No need to evaluate
INFO	nodify.node.140005467533248:node.py:get()- No need to evaluate
INFO	nodify.node.140005467522640:node.py:get()- No need to evaluate
INFO	nodify.node.140005467533680:node.py:get()- No need to evaluate
INFO	nodify.node.140005467529120:node.py:get()- No need to evaluate
INFO	nodify.node.140005468456432:node.py:get()- No need to evaluate
INFO	nodify.node.140005467525040:node.py:get()- No need to evaluate
INFO	nodify.node.140005467529504:node.py:get()- No need to evaluate
INFO	nodify.node.140005467525040:node.py:get()- No need to evaluate
INFO	nodify.node.140005467523888:node.py:get()- No need to evaluate
INFO	nodify.node.140005467531184:node.py:get()- No need to evaluate
INFO	nodify.node.140005467522640:node.py:get()- No need to evaluate
INFO	nodify.node.140005467533680:node.py:get()- No need to evaluate
INFO	nodify.node.140005467534640:node.py:get()- No need to evaluate
INFO	nodify.node.140005467522640:node.py:get()- No need to evaluate
INFO	nodify.node.140005467533680:node.py:get()- No need to evaluate
INFO	nodify.node.140005467574912:node.py:get()- No need to evaluate
INFO	nodify.node.140005467528256:node.py:get()- No need to evaluate
INFO	nodify.node.140005467536752:node.py:get()- No need to evaluate
INFO	nodify.node.140005467536368:node.py:get()- No need to evaluate
INFO	nodify.node.140005467536608:node.py:get()- No need to evaluate
INFO	nodify.node.140005467575920:node.py:get()- No need to evaluate
Keeping all the dataset in memory.
Computing structure 2atm_9b13-4a57-4de9-b863-1b35209370c4...
Saved structure plot at results_dos/h_noc_2_train/2atm_9b13-4a57-4de9-b863-1b35209370c4.html

Parallelization details:
  MPI disabled    
  OMP_NUM_THREADS  : n/a   
  MKL_NUM_THREADS  : n/a   

Output details:
  Directory  : ./
  Prefix     : bands

Using Eigen backend for diagonalization.
	 bands :    0.04256

Parallelization details:
  MPI disabled    
  OMP_NUM_THREADS  : n/a   
  MKL_NUM_THREADS  : n/a   

Output details:
  Directory  : ./
  Prefix     : dos

Using Eigen backend for diagonalization.
	 dos :   25.78862

Parallelization details:
  MPI disabled    
  OMP_NUM_THREADS  : n/a   
  MKL_NUM_THREADS  : n/a   

Output details:
  Directory  : ./
  Prefix     : bands

Using Eigen backend for diagonalization.
	 bands :    0.04849

Parallelization details:
  MPI disabled    
  OMP_NUM_THREADS  : n/a   
  MKL_NUM_THREADS  : n/a   

Output details:
  Directory  : ./
  Prefix     : dos

Using Eigen backend for diagonalization.
	 dos :   25.99585

Computing  dataset/SHARE_OUTPUTS_8_ATOMS/e1df-2940-4ada-b9c0-d210a6bb2a19
0it [00:00, ?it/s]1it [00:00, 21.80it/s]
/home/alapena/miniconda3/envs/tbplas/lib/python3.12/site-packages/torch_geometric/deprecation.py:26: UserWarning:

'data.DataLoader' is deprecated, use 'loader.DataLoader' instead

INFO	nodify.node.140004933126624:node.py:get()- Evaluated because inputs changed.
INFO	nodify.node.140004935716208:node.py:get()- Evaluated because inputs changed.
INFO	nodify.node.140004933133200:node.py:get()- Evaluated because inputs changed.
INFO	nodify.node.140004935727872:node.py:get()- Evaluated because inputs changed.
INFO	nodify.node.140004933133008:node.py:get()- Evaluated because inputs changed.
INFO	nodify.node.140004933132816:node.py:get()- Evaluated because inputs changed.
INFO	nodify.node.140004935716208:node.py:get()- No need to evaluate
INFO	nodify.node.140004933133200:node.py:get()- No need to evaluate
INFO	nodify.node.140004935727872:node.py:get()- No need to evaluate
INFO	nodify.node.140004933133008:node.py:get()- No need to evaluate
INFO	nodify.node.140004933132816:node.py:get()- No need to evaluate
INFO	nodify.node.140004935716208:node.py:get()- No need to evaluate
INFO	nodify.node.140004935726144:node.py:get()- Evaluated because inputs changed.
INFO	nodify.node.140005466649232:node.py:get()- Evaluated because inputs changed.
INFO	nodify.node.140004935726192:node.py:get()- Evaluated because inputs changed.
INFO	nodify.node.140004935727680:node.py:get()- Evaluated because inputs changed.
INFO	nodify.node.140004933128688:node.py:get()- Evaluated because inputs changed.
INFO	nodify.node.140004933129408:node.py:get()- Evaluated because inputs changed.
INFO	nodify.node.140004935552992:node.py:get()- Evaluated because inputs changed.
INFO	nodify.node.140004935552704:node.py:get()- Evaluated because inputs changed.
INFO	nodify.node.140004933133344:node.py:get()- Evaluated because inputs changed.
INFO	nodify.node.140004933133056:node.py:get()- Evaluated because inputs changed.
INFO	nodify.node.140004933132624:node.py:get()- Evaluated because inputs changed.
INFO	nodify.node.140004933124704:node.py:get()- Evaluated because inputs changed.
INFO	nodify.node.140004933132432:node.py:get()- Evaluated because inputs changed.
INFO	nodify.node.140004935727680:node.py:get()- No need to evaluate
INFO	nodify.node.140004933128688:node.py:get()- No need to evaluate
INFO	nodify.node.140004933132048:node.py:get()- Evaluated because inputs changed.
INFO	nodify.node.140004935727248:node.py:get()- Evaluated because inputs changed.
INFO	nodify.node.140004935663744:node.py:get()- Evaluated because inputs changed.
INFO	nodify.node.140004935559904:node.py:get()- Evaluated because inputs changed.
INFO	nodify.node.140004935727680:node.py:get()- No need to evaluate
INFO	nodify.node.140004933128688:node.py:get()- No need to evaluate
INFO	nodify.node.140004933129408:node.py:get()- No need to evaluate
INFO	nodify.node.140004933125472:node.py:get()- Evaluated because inputs changed.
INFO	nodify.node.140004933131760:node.py:get()- Evaluated because inputs changed.
INFO	nodify.node.140004933131568:node.py:get()- Evaluated because inputs changed.
INFO	nodify.node.140004935727680:node.py:get()- No need to evaluate
INFO	nodify.node.140004933128688:node.py:get()- No need to evaluate
INFO	nodify.node.140004933129408:node.py:get()- No need to evaluate
INFO	nodify.node.140004933130272:node.py:get()- Evaluated because inputs changed.
INFO	nodify.node.140004935551024:node.py:get()- Evaluated because inputs changed.
INFO	nodify.node.140004933131472:node.py:get()- Evaluated because inputs changed.
INFO	nodify.node.140004935716208:node.py:get()- No need to evaluate
INFO	nodify.node.140004935716688:node.py:get()- Evaluated because inputs changed.
INFO	nodify.node.140004935550256:node.py:get()- Evaluated because inputs changed.
INFO	nodify.node.140004935564992:node.py:get()- Evaluated because inputs changed.
INFO	nodify.node.140004931224688:node.py:get()- Evaluated because inputs changed.
INFO	nodify.node.140004935725376:node.py:get()- Evaluated because inputs changed.
INFO	nodify.node.140004935726864:node.py:get()- Evaluated because inputs changed.
INFO	nodify.node.140004935549728:node.py:get()- Evaluated because inputs changed.
INFO	nodify.node.140004935716208:node.py:get()- No need to evaluate
INFO	nodify.node.140004935726144:node.py:get()- No need to evaluate
INFO	nodify.node.140005466649232:node.py:get()- No need to evaluate
INFO	nodify.node.140005467721216:node.py:get()- Evaluated because inputs changed.
INFO	nodify.node.140005467722704:node.py:get()- Evaluated because inputs changed.
INFO	nodify.node.140004933124704:node.py:get()- No need to evaluate
INFO	nodify.node.140004935727488:node.py:get()- Evaluated because inputs changed.
INFO	nodify.node.140004933128112:node.py:get()- Evaluated because inputs changed.
INFO	nodify.node.140004935727680:node.py:get()- No need to evaluate
INFO	nodify.node.140004933128688:node.py:get()- No need to evaluate
INFO	nodify.node.140004933125856:node.py:get()- Evaluated because inputs changed.
INFO	nodify.node.140004935718272:node.py:get()- Evaluated because inputs changed.
INFO	nodify.node.140004935728256:node.py:get()- Evaluated because inputs changed.
INFO	nodify.node.140004935727680:node.py:get()- No need to evaluate
INFO	nodify.node.140004933128688:node.py:get()- No need to evaluate
INFO	nodify.node.140004933129408:node.py:get()- No need to evaluate
INFO	nodify.node.140004933125088:node.py:get()- Evaluated because inputs changed.
INFO	nodify.node.140004933129072:node.py:get()- Evaluated because inputs changed.
INFO	nodify.node.140004933128736:node.py:get()- Evaluated because inputs changed.
INFO	nodify.node.140004935727680:node.py:get()- No need to evaluate
INFO	nodify.node.140004933128688:node.py:get()- No need to evaluate
INFO	nodify.node.140004933129408:node.py:get()- No need to evaluate
INFO	nodify.node.140004933130272:node.py:get()- No need to evaluate
INFO	nodify.node.140004935725856:node.py:get()- Evaluated because inputs changed.
INFO	nodify.node.140004935728016:node.py:get()- Evaluated because inputs changed.
INFO	nodify.node.140004935727680:node.py:get()- No need to evaluate
INFO	nodify.node.140004933128688:node.py:get()- No need to evaluate
INFO	nodify.node.140004933129408:node.py:get()- No need to evaluate
INFO	nodify.node.140004933130512:node.py:get()- Evaluated because inputs changed.
INFO	nodify.node.140004933129360:node.py:get()- Evaluated because inputs changed.
INFO	nodify.node.140004935716208:node.py:get()- No need to evaluate
INFO	nodify.node.140004935727680:node.py:get()- No need to evaluate
INFO	nodify.node.140004933128688:node.py:get()- No need to evaluate
INFO	nodify.node.140004933129408:node.py:get()- No need to evaluate
INFO	nodify.node.140004933135696:node.py:get()- Evaluated because inputs changed.
INFO	nodify.node.140004935550880:node.py:get()- Evaluated because inputs changed.
INFO	nodify.node.140004933135504:node.py:get()- Evaluated because inputs changed.
INFO	nodify.node.140004935727680:node.py:get()- No need to evaluate
INFO	nodify.node.140004933128688:node.py:get()- No need to evaluate
INFO	nodify.node.140004933124320:node.py:get()- Evaluated because inputs changed.
INFO	nodify.node.140004933125856:node.py:get()- No need to evaluate
INFO	nodify.node.140004933131616:node.py:get()- Evaluated because inputs changed.
INFO	nodify.node.140004935716208:node.py:get()- No need to evaluate
INFO	nodify.node.140004935716688:node.py:get()- No need to evaluate
INFO	nodify.node.140004935725376:node.py:get()- No need to evaluate
INFO	nodify.node.140004935726864:node.py:get()- No need to evaluate
INFO	nodify.node.140004935549728:node.py:get()- No need to evaluate
INFO	nodify.node.140004935716208:node.py:get()- No need to evaluate
INFO	nodify.node.140004935726144:node.py:get()- No need to evaluate
INFO	nodify.node.140005466649232:node.py:get()- No need to evaluate
INFO	nodify.node.140005467721216:node.py:get()- No need to evaluate
INFO	nodify.node.140005467722704:node.py:get()- No need to evaluate
INFO	nodify.node.140004933124704:node.py:get()- No need to evaluate
INFO	nodify.node.140004935727488:node.py:get()- No need to evaluate
INFO	nodify.node.140004933128112:node.py:get()- No need to evaluate
INFO	nodify.node.140004935727680:node.py:get()- No need to evaluate
INFO	nodify.node.140004933128688:node.py:get()- No need to evaluate
INFO	nodify.node.140004933125856:node.py:get()- No need to evaluate
INFO	nodify.node.140004935718272:node.py:get()- No need to evaluate
INFO	nodify.node.140004935716208:node.py:get()- No need to evaluate
INFO	nodify.node.140004933126240:node.py:get()- Evaluated because inputs changed.
INFO	nodify.node.140004935716208:node.py:get()- No need to evaluate
INFO	nodify.node.140004935726144:node.py:get()- No need to evaluate
INFO	nodify.node.140005466649232:node.py:get()- No need to evaluate
INFO	nodify.node.140004935727680:node.py:get()- No need to evaluate
INFO	nodify.node.140004933128688:node.py:get()- No need to evaluate
INFO	nodify.node.140004933129408:node.py:get()- No need to evaluate
INFO	nodify.node.140004935727680:node.py:get()- No need to evaluate
INFO	nodify.node.140004933128688:node.py:get()- No need to evaluate
INFO	nodify.node.140004933136512:node.py:get()- Evaluated because inputs changed.
INFO	nodify.node.140004933124704:node.py:get()- No need to evaluate
INFO	nodify.node.140004933135552:node.py:get()- Evaluated because inputs changed.
INFO	nodify.node.140004933131136:node.py:get()- Evaluated because inputs changed.
INFO	nodify.node.140004935554240:node.py:get()- Evaluated because inputs changed.
INFO	nodify.node.140004933137424:node.py:get()- Evaluated because inputs changed.
INFO	nodify.node.140004933126624:node.py:get()- No need to evaluate
INFO	nodify.node.140004935716208:node.py:get()- No need to evaluate
INFO	nodify.node.140004933133200:node.py:get()- No need to evaluate
INFO	nodify.node.140004935727872:node.py:get()- No need to evaluate
INFO	nodify.node.140004933133008:node.py:get()- No need to evaluate
INFO	nodify.node.140004933132816:node.py:get()- No need to evaluate
INFO	nodify.node.140004935716208:node.py:get()- No need to evaluate
INFO	nodify.node.140004933133200:node.py:get()- No need to evaluate
INFO	nodify.node.140004935727872:node.py:get()- No need to evaluate
INFO	nodify.node.140004933133008:node.py:get()- No need to evaluate
INFO	nodify.node.140004933132816:node.py:get()- No need to evaluate
INFO	nodify.node.140004935716208:node.py:get()- No need to evaluate
INFO	nodify.node.140004935726144:node.py:get()- No need to evaluate
INFO	nodify.node.140005466649232:node.py:get()- No need to evaluate
INFO	nodify.node.140004935726192:node.py:get()- No need to evaluate
INFO	nodify.node.140004935727680:node.py:get()- No need to evaluate
INFO	nodify.node.140004933128688:node.py:get()- No need to evaluate
INFO	nodify.node.140004933129408:node.py:get()- No need to evaluate
INFO	nodify.node.140004935552992:node.py:get()- No need to evaluate
INFO	nodify.node.140004935552704:node.py:get()- No need to evaluate
INFO	nodify.node.140004933133344:node.py:get()- No need to evaluate
INFO	nodify.node.140004933133056:node.py:get()- No need to evaluate
INFO	nodify.node.140004933132624:node.py:get()- No need to evaluate
INFO	nodify.node.140004933124704:node.py:get()- No need to evaluate
INFO	nodify.node.140004933132432:node.py:get()- No need to evaluate
INFO	nodify.node.140004935727680:node.py:get()- No need to evaluate
INFO	nodify.node.140004933128688:node.py:get()- No need to evaluate
INFO	nodify.node.140004933132048:node.py:get()- No need to evaluate
INFO	nodify.node.140004935727248:node.py:get()- No need to evaluate
INFO	nodify.node.140004935663744:node.py:get()- No need to evaluate
INFO	nodify.node.140004935559904:node.py:get()- No need to evaluate
INFO	nodify.node.140004935727680:node.py:get()- No need to evaluate
INFO	nodify.node.140004933128688:node.py:get()- No need to evaluate
INFO	nodify.node.140004933129408:node.py:get()- No need to evaluate
INFO	nodify.node.140004933125472:node.py:get()- No need to evaluate
INFO	nodify.node.140004933131760:node.py:get()- No need to evaluate
INFO	nodify.node.140004933131568:node.py:get()- No need to evaluate
INFO	nodify.node.140004935727680:node.py:get()- No need to evaluate
INFO	nodify.node.140004933128688:node.py:get()- No need to evaluate
INFO	nodify.node.140004933129408:node.py:get()- No need to evaluate
INFO	nodify.node.140004933130272:node.py:get()- No need to evaluate
INFO	nodify.node.140004935551024:node.py:get()- No need to evaluate
INFO	nodify.node.140004933131472:node.py:get()- No need to evaluate
INFO	nodify.node.140004935716208:node.py:get()- No need to evaluate
INFO	nodify.node.140004935716688:node.py:get()- No need to evaluate
INFO	nodify.node.140004935725376:node.py:get()- No need to evaluate
INFO	nodify.node.140004935726864:node.py:get()- No need to evaluate
INFO	nodify.node.140004935549728:node.py:get()- No need to evaluate
INFO	nodify.node.140004935716208:node.py:get()- No need to evaluate
INFO	nodify.node.140004935726144:node.py:get()- No need to evaluate
INFO	nodify.node.140005466649232:node.py:get()- No need to evaluate
INFO	nodify.node.140005467721216:node.py:get()- No need to evaluate
INFO	nodify.node.140005467722704:node.py:get()- No need to evaluate
INFO	nodify.node.140004933124704:node.py:get()- No need to evaluate
INFO	nodify.node.140004935727488:node.py:get()- No need to evaluate
INFO	nodify.node.140004933128112:node.py:get()- No need to evaluate
INFO	nodify.node.140004935727680:node.py:get()- No need to evaluate
INFO	nodify.node.140004933128688:node.py:get()- No need to evaluate
INFO	nodify.node.140004933125856:node.py:get()- No need to evaluate
INFO	nodify.node.140004935718272:node.py:get()- No need to evaluate
INFO	nodify.node.140004935728256:node.py:get()- No need to evaluate
INFO	nodify.node.140004935727680:node.py:get()- No need to evaluate
INFO	nodify.node.140004933128688:node.py:get()- No need to evaluate
INFO	nodify.node.140004933129408:node.py:get()- No need to evaluate
INFO	nodify.node.140004933125088:node.py:get()- No need to evaluate
INFO	nodify.node.140004933129072:node.py:get()- No need to evaluate
INFO	nodify.node.140004933128736:node.py:get()- No need to evaluate
INFO	nodify.node.140004935727680:node.py:get()- No need to evaluate
INFO	nodify.node.140004933128688:node.py:get()- No need to evaluate
INFO	nodify.node.140004933129408:node.py:get()- No need to evaluate
INFO	nodify.node.140004933130272:node.py:get()- No need to evaluate
INFO	nodify.node.140004935725856:node.py:get()- No need to evaluate
INFO	nodify.node.140004935728016:node.py:get()- No need to evaluate
INFO	nodify.node.140004935727680:node.py:get()- No need to evaluate
INFO	nodify.node.140004933128688:node.py:get()- No need to evaluate
INFO	nodify.node.140004933129408:node.py:get()- No need to evaluate
INFO	nodify.node.140004933130512:node.py:get()- No need to evaluate
INFO	nodify.node.140004933129360:node.py:get()- No need to evaluate
INFO	nodify.node.140004935716208:node.py:get()- No need to evaluate
INFO	nodify.node.140004935727680:node.py:get()- No need to evaluate
INFO	nodify.node.140004933128688:node.py:get()- No need to evaluate
INFO	nodify.node.140004933129408:node.py:get()- No need to evaluate
INFO	nodify.node.140004933135696:node.py:get()- No need to evaluate
INFO	nodify.node.140004935550880:node.py:get()- No need to evaluate
INFO	nodify.node.140004933135504:node.py:get()- No need to evaluate
INFO	nodify.node.140004935727680:node.py:get()- No need to evaluate
INFO	nodify.node.140004933128688:node.py:get()- No need to evaluate
INFO	nodify.node.140004933124320:node.py:get()- No need to evaluate
INFO	nodify.node.140004933125856:node.py:get()- No need to evaluate
INFO	nodify.node.140004933131616:node.py:get()- No need to evaluate
INFO	nodify.node.140004935716208:node.py:get()- No need to evaluate
INFO	nodify.node.140004935716688:node.py:get()- No need to evaluate
INFO	nodify.node.140004935725376:node.py:get()- No need to evaluate
INFO	nodify.node.140004935726864:node.py:get()- No need to evaluate
INFO	nodify.node.140004935549728:node.py:get()- No need to evaluate
INFO	nodify.node.140004935716208:node.py:get()- No need to evaluate
INFO	nodify.node.140004935726144:node.py:get()- No need to evaluate
INFO	nodify.node.140005466649232:node.py:get()- No need to evaluate
INFO	nodify.node.140005467721216:node.py:get()- No need to evaluate
INFO	nodify.node.140005467722704:node.py:get()- No need to evaluate
INFO	nodify.node.140004933124704:node.py:get()- No need to evaluate
INFO	nodify.node.140004935727488:node.py:get()- No need to evaluate
INFO	nodify.node.140004933128112:node.py:get()- No need to evaluate
INFO	nodify.node.140004935727680:node.py:get()- No need to evaluate
INFO	nodify.node.140004933128688:node.py:get()- No need to evaluate
INFO	nodify.node.140004933125856:node.py:get()- No need to evaluate
INFO	nodify.node.140004935718272:node.py:get()- No need to evaluate
INFO	nodify.node.140004935716208:node.py:get()- No need to evaluate
INFO	nodify.node.140004933126240:node.py:get()- No need to evaluate
INFO	nodify.node.140004935716208:node.py:get()- No need to evaluate
INFO	nodify.node.140004935726144:node.py:get()- No need to evaluate
INFO	nodify.node.140005466649232:node.py:get()- No need to evaluate
INFO	nodify.node.140004935727680:node.py:get()- No need to evaluate
INFO	nodify.node.140004933128688:node.py:get()- No need to evaluate
INFO	nodify.node.140004933129408:node.py:get()- No need to evaluate
INFO	nodify.node.140004935727680:node.py:get()- No need to evaluate
INFO	nodify.node.140004933128688:node.py:get()- No need to evaluate
INFO	nodify.node.140004933136512:node.py:get()- No need to evaluate
INFO	nodify.node.140004933124704:node.py:get()- No need to evaluate
INFO	nodify.node.140004933135552:node.py:get()- No need to evaluate
INFO	nodify.node.140004933131136:node.py:get()- No need to evaluate
INFO	nodify.node.140004935554240:node.py:get()- No need to evaluate
INFO	nodify.node.140004933137424:node.py:get()- No need to evaluate
Keeping all the dataset in memory.
Computing structure 8atm_e1df-2940-4ada-b9c0-d210a6bb2a19...
Saved structure plot at results_dos/h_noc_2_train/8atm_e1df-2940-4ada-b9c0-d210a6bb2a19.html

Parallelization details:
  MPI disabled    
  OMP_NUM_THREADS  : n/a   
  MKL_NUM_THREADS  : n/a   

Output details:
  Directory  : ./
  Prefix     : bands

Using Eigen backend for diagonalization.
	 bands :    0.43761

Parallelization details:
  MPI disabled    
  OMP_NUM_THREADS  : n/a   
  MKL_NUM_THREADS  : n/a   

Output details:
  Directory  : ./
  Prefix     : dos

Using Eigen backend for diagonalization.
	 dos :  147.84716

Parallelization details:
  MPI disabled    
  OMP_NUM_THREADS  : n/a   
  MKL_NUM_THREADS  : n/a   

Output details:
  Directory  : ./
  Prefix     : bands

Using Eigen backend for diagonalization.
	 bands :    0.49814

Parallelization details:
  MPI disabled    
  OMP_NUM_THREADS  : n/a   
  MKL_NUM_THREADS  : n/a   

Output details:
  Directory  : ./
  Prefix     : dos

Using Eigen backend for diagonalization.
	 dos :  150.03728

Computing  dataset/SHARE_OUTPUTS_8_ATOMS/33ef-ca33-4bf0-a36e-6e852deab7b5
0it [00:00, ?it/s]1it [00:00, 21.34it/s]
/home/alapena/miniconda3/envs/tbplas/lib/python3.12/site-packages/torch_geometric/deprecation.py:26: UserWarning:

'data.DataLoader' is deprecated, use 'loader.DataLoader' instead

INFO	nodify.node.140004935717792:node.py:get()- Evaluated because inputs changed.
INFO	nodify.node.140005465944960:node.py:get()- Evaluated because inputs changed.
INFO	nodify.node.140004935669888:node.py:get()- Evaluated because inputs changed.
INFO	nodify.node.140005465940256:node.py:get()- Evaluated because inputs changed.
INFO	nodify.node.140004935672096:node.py:get()- Evaluated because inputs changed.
INFO	nodify.node.140004935667152:node.py:get()- Evaluated because inputs changed.
INFO	nodify.node.140005465944960:node.py:get()- No need to evaluate
INFO	nodify.node.140004935669888:node.py:get()- No need to evaluate
INFO	nodify.node.140005465940256:node.py:get()- No need to evaluate
INFO	nodify.node.140004935672096:node.py:get()- No need to evaluate
INFO	nodify.node.140004935667152:node.py:get()- No need to evaluate
INFO	nodify.node.140005465944960:node.py:get()- No need to evaluate
INFO	nodify.node.140005465945248:node.py:get()- Evaluated because inputs changed.
INFO	nodify.node.140004935721344:node.py:get()- Evaluated because inputs changed.
INFO	nodify.node.140005465947168:node.py:get()- Evaluated because inputs changed.
INFO	nodify.node.140005465948080:node.py:get()- Evaluated because inputs changed.
INFO	nodify.node.140004935325824:node.py:get()- Evaluated because inputs changed.
INFO	nodify.node.140004935334800:node.py:get()- Evaluated because inputs changed.
INFO	nodify.node.140005465935840:node.py:get()- Evaluated because inputs changed.
INFO	nodify.node.140005465945680:node.py:get()- Evaluated because inputs changed.
INFO	nodify.node.140004935679776:node.py:get()- Evaluated because inputs changed.
INFO	nodify.node.140004935668448:node.py:get()- Evaluated because inputs changed.
INFO	nodify.node.140004935674304:node.py:get()- Evaluated because inputs changed.
INFO	nodify.node.140004931233568:node.py:get()- Evaluated because inputs changed.
INFO	nodify.node.140004935674928:node.py:get()- Evaluated because inputs changed.
INFO	nodify.node.140005465948080:node.py:get()- No need to evaluate
INFO	nodify.node.140004935325824:node.py:get()- No need to evaluate
INFO	nodify.node.140004935672816:node.py:get()- Evaluated because inputs changed.
INFO	nodify.node.140005465937376:node.py:get()- Evaluated because inputs changed.
INFO	nodify.node.140004935667968:node.py:get()- Evaluated because inputs changed.
INFO	nodify.node.140005465941744:node.py:get()- Evaluated because inputs changed.
INFO	nodify.node.140005465948080:node.py:get()- No need to evaluate
INFO	nodify.node.140004935325824:node.py:get()- No need to evaluate
INFO	nodify.node.140004935334800:node.py:get()- No need to evaluate
INFO	nodify.node.140004931226800:node.py:get()- Evaluated because inputs changed.
INFO	nodify.node.140004935677184:node.py:get()- Evaluated because inputs changed.
INFO	nodify.node.140005465942992:node.py:get()- Evaluated because inputs changed.
INFO	nodify.node.140005465948080:node.py:get()- No need to evaluate
INFO	nodify.node.140004935325824:node.py:get()- No need to evaluate
INFO	nodify.node.140004935334800:node.py:get()- No need to evaluate
INFO	nodify.node.140004935333984:node.py:get()- Evaluated because inputs changed.
INFO	nodify.node.140005465937040:node.py:get()- Evaluated because inputs changed.
INFO	nodify.node.140004935677856:node.py:get()- Evaluated because inputs changed.
INFO	nodify.node.140005465944960:node.py:get()- No need to evaluate
INFO	nodify.node.140005465941600:node.py:get()- Evaluated because inputs changed.
INFO	nodify.node.140004935333504:node.py:get()- Evaluated because inputs changed.
INFO	nodify.node.140005467731488:node.py:get()- Evaluated because inputs changed.
INFO	nodify.node.140005465998448:node.py:get()- Evaluated because inputs changed.
INFO	nodify.node.140005465943568:node.py:get()- Evaluated because inputs changed.
INFO	nodify.node.140005465944288:node.py:get()- Evaluated because inputs changed.
INFO	nodify.node.140005465944192:node.py:get()- Evaluated because inputs changed.
INFO	nodify.node.140005465944960:node.py:get()- No need to evaluate
INFO	nodify.node.140005465945248:node.py:get()- No need to evaluate
INFO	nodify.node.140004935721344:node.py:get()- No need to evaluate
INFO	nodify.node.140005465938144:node.py:get()- Evaluated because inputs changed.
INFO	nodify.node.140005465945056:node.py:get()- Evaluated because inputs changed.
INFO	nodify.node.140004931233568:node.py:get()- No need to evaluate
INFO	nodify.node.140005465935504:node.py:get()- Evaluated because inputs changed.
INFO	nodify.node.140004931234624:node.py:get()- Evaluated because inputs changed.
INFO	nodify.node.140005465948080:node.py:get()- No need to evaluate
INFO	nodify.node.140004935325824:node.py:get()- No need to evaluate
INFO	nodify.node.140004931233136:node.py:get()- Evaluated because inputs changed.
INFO	nodify.node.140004931229056:node.py:get()- Evaluated because inputs changed.
INFO	nodify.node.140005465932912:node.py:get()- Evaluated because inputs changed.
INFO	nodify.node.140005465948080:node.py:get()- No need to evaluate
INFO	nodify.node.140004935325824:node.py:get()- No need to evaluate
INFO	nodify.node.140004935334800:node.py:get()- No need to evaluate
INFO	nodify.node.140004931232896:node.py:get()- Evaluated because inputs changed.
INFO	nodify.node.140004935550208:node.py:get()- Evaluated because inputs changed.
INFO	nodify.node.140004935560384:node.py:get()- Evaluated because inputs changed.
INFO	nodify.node.140005465948080:node.py:get()- No need to evaluate
INFO	nodify.node.140004935325824:node.py:get()- No need to evaluate
INFO	nodify.node.140004935334800:node.py:get()- No need to evaluate
INFO	nodify.node.140004935333984:node.py:get()- No need to evaluate
INFO	nodify.node.140005465943376:node.py:get()- Evaluated because inputs changed.
INFO	nodify.node.140005465941216:node.py:get()- Evaluated because inputs changed.
INFO	nodify.node.140005465948080:node.py:get()- No need to evaluate
INFO	nodify.node.140004935325824:node.py:get()- No need to evaluate
INFO	nodify.node.140004935334800:node.py:get()- No need to evaluate
INFO	nodify.node.140004935334992:node.py:get()- Evaluated because inputs changed.
INFO	nodify.node.140004935551504:node.py:get()- Evaluated because inputs changed.
INFO	nodify.node.140005465944960:node.py:get()- No need to evaluate
INFO	nodify.node.140005465948080:node.py:get()- No need to evaluate
INFO	nodify.node.140004935325824:node.py:get()- No need to evaluate
INFO	nodify.node.140004935334800:node.py:get()- No need to evaluate
INFO	nodify.node.140004935676704:node.py:get()- Evaluated because inputs changed.
INFO	nodify.node.140005465936416:node.py:get()- Evaluated because inputs changed.
INFO	nodify.node.140004935667296:node.py:get()- Evaluated because inputs changed.
INFO	nodify.node.140005465948080:node.py:get()- No need to evaluate
INFO	nodify.node.140004935325824:node.py:get()- No need to evaluate
INFO	nodify.node.140005465933008:node.py:get()- Evaluated because inputs changed.
INFO	nodify.node.140004931233136:node.py:get()- No need to evaluate
INFO	nodify.node.140004935670272:node.py:get()- Evaluated because inputs changed.
INFO	nodify.node.140005465944960:node.py:get()- No need to evaluate
INFO	nodify.node.140005465941600:node.py:get()- No need to evaluate
INFO	nodify.node.140005465943568:node.py:get()- No need to evaluate
INFO	nodify.node.140005465944288:node.py:get()- No need to evaluate
INFO	nodify.node.140005465944192:node.py:get()- No need to evaluate
INFO	nodify.node.140005465944960:node.py:get()- No need to evaluate
INFO	nodify.node.140005465945248:node.py:get()- No need to evaluate
INFO	nodify.node.140004935721344:node.py:get()- No need to evaluate
INFO	nodify.node.140005465938144:node.py:get()- No need to evaluate
INFO	nodify.node.140005465945056:node.py:get()- No need to evaluate
INFO	nodify.node.140004931233568:node.py:get()- No need to evaluate
INFO	nodify.node.140005465935504:node.py:get()- No need to evaluate
INFO	nodify.node.140004931234624:node.py:get()- No need to evaluate
INFO	nodify.node.140005465948080:node.py:get()- No need to evaluate
INFO	nodify.node.140004935325824:node.py:get()- No need to evaluate
INFO	nodify.node.140004931233136:node.py:get()- No need to evaluate
INFO	nodify.node.140004931229056:node.py:get()- No need to evaluate
INFO	nodify.node.140005465944960:node.py:get()- No need to evaluate
INFO	nodify.node.140004931225744:node.py:get()- Evaluated because inputs changed.
INFO	nodify.node.140005465944960:node.py:get()- No need to evaluate
INFO	nodify.node.140005465945248:node.py:get()- No need to evaluate
INFO	nodify.node.140004935721344:node.py:get()- No need to evaluate
INFO	nodify.node.140005465948080:node.py:get()- No need to evaluate
INFO	nodify.node.140004935325824:node.py:get()- No need to evaluate
INFO	nodify.node.140004935334800:node.py:get()- No need to evaluate
INFO	nodify.node.140005465948080:node.py:get()- No need to evaluate
INFO	nodify.node.140004935325824:node.py:get()- No need to evaluate
INFO	nodify.node.140005465873568:node.py:get()- Evaluated because inputs changed.
INFO	nodify.node.140004931233568:node.py:get()- No need to evaluate
INFO	nodify.node.140004398867440:node.py:get()- Evaluated because inputs changed.
INFO	nodify.node.140004935334848:node.py:get()- Evaluated because inputs changed.
INFO	nodify.node.140004935668352:node.py:get()- Evaluated because inputs changed.
INFO	nodify.node.140005465866800:node.py:get()- Evaluated because inputs changed.
INFO	nodify.node.140004935717792:node.py:get()- No need to evaluate
INFO	nodify.node.140005465944960:node.py:get()- No need to evaluate
INFO	nodify.node.140004935669888:node.py:get()- No need to evaluate
INFO	nodify.node.140005465940256:node.py:get()- No need to evaluate
INFO	nodify.node.140004935672096:node.py:get()- No need to evaluate
INFO	nodify.node.140004935667152:node.py:get()- No need to evaluate
INFO	nodify.node.140005465944960:node.py:get()- No need to evaluate
INFO	nodify.node.140004935669888:node.py:get()- No need to evaluate
INFO	nodify.node.140005465940256:node.py:get()- No need to evaluate
INFO	nodify.node.140004935672096:node.py:get()- No need to evaluate
INFO	nodify.node.140004935667152:node.py:get()- No need to evaluate
INFO	nodify.node.140005465944960:node.py:get()- No need to evaluate
INFO	nodify.node.140005465945248:node.py:get()- No need to evaluate
INFO	nodify.node.140004935721344:node.py:get()- No need to evaluate
INFO	nodify.node.140005465947168:node.py:get()- No need to evaluate
INFO	nodify.node.140005465948080:node.py:get()- No need to evaluate
INFO	nodify.node.140004935325824:node.py:get()- No need to evaluate
INFO	nodify.node.140004935334800:node.py:get()- No need to evaluate
INFO	nodify.node.140005465935840:node.py:get()- No need to evaluate
INFO	nodify.node.140005465945680:node.py:get()- No need to evaluate
INFO	nodify.node.140004935679776:node.py:get()- No need to evaluate
INFO	nodify.node.140004935668448:node.py:get()- No need to evaluate
INFO	nodify.node.140004935674304:node.py:get()- No need to evaluate
INFO	nodify.node.140004931233568:node.py:get()- No need to evaluate
INFO	nodify.node.140004935674928:node.py:get()- No need to evaluate
INFO	nodify.node.140005465948080:node.py:get()- No need to evaluate
INFO	nodify.node.140004935325824:node.py:get()- No need to evaluate
INFO	nodify.node.140004935672816:node.py:get()- No need to evaluate
INFO	nodify.node.140005465937376:node.py:get()- No need to evaluate
INFO	nodify.node.140004935667968:node.py:get()- No need to evaluate
INFO	nodify.node.140005465941744:node.py:get()- No need to evaluate
INFO	nodify.node.140005465948080:node.py:get()- No need to evaluate
INFO	nodify.node.140004935325824:node.py:get()- No need to evaluate
INFO	nodify.node.140004935334800:node.py:get()- No need to evaluate
INFO	nodify.node.140004931226800:node.py:get()- No need to evaluate
INFO	nodify.node.140004935677184:node.py:get()- No need to evaluate
INFO	nodify.node.140005465942992:node.py:get()- No need to evaluate
INFO	nodify.node.140005465948080:node.py:get()- No need to evaluate
INFO	nodify.node.140004935325824:node.py:get()- No need to evaluate
INFO	nodify.node.140004935334800:node.py:get()- No need to evaluate
INFO	nodify.node.140004935333984:node.py:get()- No need to evaluate
INFO	nodify.node.140005465937040:node.py:get()- No need to evaluate
INFO	nodify.node.140004935677856:node.py:get()- No need to evaluate
INFO	nodify.node.140005465944960:node.py:get()- No need to evaluate
INFO	nodify.node.140005465941600:node.py:get()- No need to evaluate
INFO	nodify.node.140005465943568:node.py:get()- No need to evaluate
INFO	nodify.node.140005465944288:node.py:get()- No need to evaluate
INFO	nodify.node.140005465944192:node.py:get()- No need to evaluate
INFO	nodify.node.140005465944960:node.py:get()- No need to evaluate
INFO	nodify.node.140005465945248:node.py:get()- No need to evaluate
INFO	nodify.node.140004935721344:node.py:get()- No need to evaluate
INFO	nodify.node.140005465938144:node.py:get()- No need to evaluate
INFO	nodify.node.140005465945056:node.py:get()- No need to evaluate
INFO	nodify.node.140004931233568:node.py:get()- No need to evaluate
INFO	nodify.node.140005465935504:node.py:get()- No need to evaluate
INFO	nodify.node.140004931234624:node.py:get()- No need to evaluate
INFO	nodify.node.140005465948080:node.py:get()- No need to evaluate
INFO	nodify.node.140004935325824:node.py:get()- No need to evaluate
INFO	nodify.node.140004931233136:node.py:get()- No need to evaluate
INFO	nodify.node.140004931229056:node.py:get()- No need to evaluate
INFO	nodify.node.140005465932912:node.py:get()- No need to evaluate
INFO	nodify.node.140005465948080:node.py:get()- No need to evaluate
INFO	nodify.node.140004935325824:node.py:get()- No need to evaluate
INFO	nodify.node.140004935334800:node.py:get()- No need to evaluate
INFO	nodify.node.140004931232896:node.py:get()- No need to evaluate
INFO	nodify.node.140004935550208:node.py:get()- No need to evaluate
INFO	nodify.node.140004935560384:node.py:get()- No need to evaluate
INFO	nodify.node.140005465948080:node.py:get()- No need to evaluate
INFO	nodify.node.140004935325824:node.py:get()- No need to evaluate
INFO	nodify.node.140004935334800:node.py:get()- No need to evaluate
INFO	nodify.node.140004935333984:node.py:get()- No need to evaluate
INFO	nodify.node.140005465943376:node.py:get()- No need to evaluate
INFO	nodify.node.140005465941216:node.py:get()- No need to evaluate
INFO	nodify.node.140005465948080:node.py:get()- No need to evaluate
INFO	nodify.node.140004935325824:node.py:get()- No need to evaluate
INFO	nodify.node.140004935334800:node.py:get()- No need to evaluate
INFO	nodify.node.140004935334992:node.py:get()- No need to evaluate
INFO	nodify.node.140004935551504:node.py:get()- No need to evaluate
INFO	nodify.node.140005465944960:node.py:get()- No need to evaluate
INFO	nodify.node.140005465948080:node.py:get()- No need to evaluate
INFO	nodify.node.140004935325824:node.py:get()- No need to evaluate
INFO	nodify.node.140004935334800:node.py:get()- No need to evaluate
INFO	nodify.node.140004935676704:node.py:get()- No need to evaluate
INFO	nodify.node.140005465936416:node.py:get()- No need to evaluate
INFO	nodify.node.140004935667296:node.py:get()- No need to evaluate
INFO	nodify.node.140005465948080:node.py:get()- No need to evaluate
INFO	nodify.node.140004935325824:node.py:get()- No need to evaluate
INFO	nodify.node.140005465933008:node.py:get()- No need to evaluate
INFO	nodify.node.140004931233136:node.py:get()- No need to evaluate
INFO	nodify.node.140004935670272:node.py:get()- No need to evaluate
INFO	nodify.node.140005465944960:node.py:get()- No need to evaluate
INFO	nodify.node.140005465941600:node.py:get()- No need to evaluate
INFO	nodify.node.140005465943568:node.py:get()- No need to evaluate
INFO	nodify.node.140005465944288:node.py:get()- No need to evaluate
INFO	nodify.node.140005465944192:node.py:get()- No need to evaluate
INFO	nodify.node.140005465944960:node.py:get()- No need to evaluate
INFO	nodify.node.140005465945248:node.py:get()- No need to evaluate
INFO	nodify.node.140004935721344:node.py:get()- No need to evaluate
INFO	nodify.node.140005465938144:node.py:get()- No need to evaluate
INFO	nodify.node.140005465945056:node.py:get()- No need to evaluate
INFO	nodify.node.140004931233568:node.py:get()- No need to evaluate
INFO	nodify.node.140005465935504:node.py:get()- No need to evaluate
INFO	nodify.node.140004931234624:node.py:get()- No need to evaluate
INFO	nodify.node.140005465948080:node.py:get()- No need to evaluate
INFO	nodify.node.140004935325824:node.py:get()- No need to evaluate
INFO	nodify.node.140004931233136:node.py:get()- No need to evaluate
INFO	nodify.node.140004931229056:node.py:get()- No need to evaluate
INFO	nodify.node.140005465944960:node.py:get()- No need to evaluate
INFO	nodify.node.140004931225744:node.py:get()- No need to evaluate
INFO	nodify.node.140005465944960:node.py:get()- No need to evaluate
INFO	nodify.node.140005465945248:node.py:get()- No need to evaluate
INFO	nodify.node.140004935721344:node.py:get()- No need to evaluate
INFO	nodify.node.140005465948080:node.py:get()- No need to evaluate
INFO	nodify.node.140004935325824:node.py:get()- No need to evaluate
INFO	nodify.node.140004935334800:node.py:get()- No need to evaluate
INFO	nodify.node.140005465948080:node.py:get()- No need to evaluate
INFO	nodify.node.140004935325824:node.py:get()- No need to evaluate
INFO	nodify.node.140005465873568:node.py:get()- No need to evaluate
INFO	nodify.node.140004931233568:node.py:get()- No need to evaluate
INFO	nodify.node.140004398867440:node.py:get()- No need to evaluate
INFO	nodify.node.140004935334848:node.py:get()- No need to evaluate
INFO	nodify.node.140004935668352:node.py:get()- No need to evaluate
INFO	nodify.node.140005465866800:node.py:get()- No need to evaluate
Keeping all the dataset in memory.
Computing structure 8atm_33ef-ca33-4bf0-a36e-6e852deab7b5...
Saved structure plot at results_dos/h_noc_2_train/8atm_33ef-ca33-4bf0-a36e-6e852deab7b5.html

Parallelization details:
  MPI disabled    
  OMP_NUM_THREADS  : n/a   
  MKL_NUM_THREADS  : n/a   

Output details:
  Directory  : ./
  Prefix     : bands

Using Eigen backend for diagonalization.
	 bands :    0.45687

Parallelization details:
  MPI disabled    
  OMP_NUM_THREADS  : n/a   
  MKL_NUM_THREADS  : n/a   

Output details:
  Directory  : ./
  Prefix     : dos

Using Eigen backend for diagonalization.
	 dos :  155.43235

Parallelization details:
  MPI disabled    
  OMP_NUM_THREADS  : n/a   
  MKL_NUM_THREADS  : n/a   

Output details:
  Directory  : ./
  Prefix     : bands

Using Eigen backend for diagonalization.
	 bands :    0.48184

Parallelization details:
  MPI disabled    
  OMP_NUM_THREADS  : n/a   
  MKL_NUM_THREADS  : n/a   

Output details:
  Directory  : ./
  Prefix     : dos

Using Eigen backend for diagonalization.
	 dos :  156.27523
